[debug] [2022-12-05T22:58:32.506Z] ----------------------------------------------------------------------
[debug] [2022-12-05T22:58:32.509Z] Command:       /usr/local/bin/firebase /Users/admin/.cache/firebase/tools/lib/node_modules/firebase-tools/lib/bin/firebase init
[debug] [2022-12-05T22:58:32.509Z] CLI Version:   11.8.0
[debug] [2022-12-05T22:58:32.509Z] Platform:      darwin
[debug] [2022-12-05T22:58:32.509Z] Node Version:  v16.16.0
[debug] [2022-12-05T22:58:32.511Z] Time:          Tue Dec 06 2022 00:58:32 GMT+0200 (South Africa Standard Time)
[debug] [2022-12-05T22:58:32.512Z] ----------------------------------------------------------------------
[debug] 
[debug] [2022-12-05T22:58:32.526Z] > command requires scopes: ["email","openid","https://www.googleapis.com/auth/cloudplatformprojects.readonly","https://www.googleapis.com/auth/firebase","https://www.googleapis.com/auth/cloud-platform"]
[debug] [2022-12-05T22:58:32.528Z] > authorizing via signed-in user (arinaomuleluz@gmail.com)
[info] 
     ######## #### ########  ######## ########     ###     ######  ########
     ##        ##  ##     ## ##       ##     ##  ##   ##  ##       ##
     ######    ##  ########  ######   ########  #########  ######  ######
     ##        ##  ##    ##  ##       ##     ## ##     ##       ## ##
     ##       #### ##     ## ######## ########  ##     ##  ######  ########

You're about to initialize a Firebase project in this directory:

  /Users/admin/React Projects/my_portfolio

[info] 
=== Project Setup
[info] 
[info] First, let's associate this project directory with a Firebase project.
[info] You can create multiple project aliases by running firebase use --add, 
[info] but for now we'll just set up a default project.
[info] 
[debug] [2022-12-05T22:58:50.188Z] > refreshing access token with scopes: []
[debug] [2022-12-05T22:58:50.193Z] >>> [apiv2][query] POST https://www.googleapis.com/oauth2/v3/token [none]
[debug] [2022-12-05T22:58:50.193Z] >>> [apiv2][body] POST https://www.googleapis.com/oauth2/v3/token [omitted]
[debug] [2022-12-05T22:58:51.268Z] <<< [apiv2][status] POST https://www.googleapis.com/oauth2/v3/token 200
[debug] [2022-12-05T22:58:51.269Z] <<< [apiv2][body] POST https://www.googleapis.com/oauth2/v3/token [omitted]
[debug] [2022-12-05T22:58:51.285Z] >>> [apiv2][query] GET https://firebase.googleapis.com/v1beta1/projects pageSize=100
[debug] [2022-12-05T22:58:52.651Z] <<< [apiv2][status] GET https://firebase.googleapis.com/v1beta1/projects 200
[debug] [2022-12-05T22:58:52.652Z] <<< [apiv2][body] GET https://firebase.googleapis.com/v1beta1/projects [omitted]
[info] i  Using project amstyles-platforms (AMstyles Platforms) 
[info] 
=== Hosting Setup
[info] 
[info] Your public directory is the folder (relative to your project directory) that
[info] will contain Hosting assets to be uploaded with firebase deploy. If you
[info] have a build process for your assets, use your build's output directory.
[info] 
[debug] [2022-12-05T22:59:09.668Z] >>> [apiv2][query] GET https://www.gstatic.com/firebasejs/releases.json [none]
[debug] [2022-12-05T22:59:11.070Z] <<< [apiv2][status] GET https://www.gstatic.com/firebasejs/releases.json 200
[debug] [2022-12-05T22:59:11.071Z] <<< [apiv2][body] GET https://www.gstatic.com/firebasejs/releases.json {"current":{"version":"9.14.0","browserURL":"https://www.gstatic.com/firebasejs/9.14.0/firebase.js","packageURL":"https://www.gstatic.com/firebasejs/9.14.0/firebase.tgz"},"live":{"version":"9.14","browserURL":"https://www.gstatic.com/firebasejs/live/9.14/firebase.js","packageURL":"https://www.gstatic.com/firebasejs/live/9.14/firebase.tgz"},"components":{"analytics":"https://www.gstatic.com/firebasejs/9.14.0/firebase-analytics.js","app":"https://www.gstatic.com/firebasejs/9.14.0/firebase-app.js","app-check":"https://www.gstatic.com/firebasejs/9.14.0/firebase-app-check.js","auth":"https://www.gstatic.com/firebasejs/9.14.0/firebase-auth.js","auth/cordova":"https://www.gstatic.com/firebasejs/9.14.0/firebase-auth/cordova.js","auth/react-native":"https://www.gstatic.com/firebasejs/9.14.0/firebase-auth/react-native.js","functions":"https://www.gstatic.com/firebasejs/9.14.0/firebase-functions.js","firestore":"https://www.gstatic.com/firebasejs/9.14.0/firebase-firestore.js","firestore/lite":"https://www.gstatic.com/firebasejs/9.14.0/firebase-firestore/lite.js","installations":"https://www.gstatic.com/firebasejs/9.14.0/firebase-installations.js","storage":"https://www.gstatic.com/firebasejs/9.14.0/firebase-storage.js","performance":"https://www.gstatic.com/firebasejs/9.14.0/firebase-performance.js","remote-config":"https://www.gstatic.com/firebasejs/9.14.0/firebase-remote-config.js","messaging":"https://www.gstatic.com/firebasejs/9.14.0/firebase-messaging.js","messaging/sw":"https://www.gstatic.com/firebasejs/9.14.0/firebase-messaging/sw.js","database":"https://www.gstatic.com/firebasejs/9.14.0/firebase-database.js","firestore.memory":"https://www.gstatic.com/firebasejs/9.14.0/firebase-firestore.memory.js"}}
[info] ✔  Wrote build/index.html 
[info] 
[info] i  Detected a .git folder at /Users/admin/React Projects/my_portfolio 
[info] i  Authorizing with GitHub to upload your service account to a GitHub repository's secrets store. 
[info] 
[info] Visit this URL on this device to log in:
[info] https://github.com/login/oauth/authorize?client_id=89cf50f02ac6aaed3484&state=810783734&redirect_uri=http%3A%2F%2Flocalhost%3A9005&scope=read%3Auser%20repo%20public_repo
[info] 
[info] Waiting for authentication...
[debug] [2022-12-05T22:59:38.613Z] >>> [apiv2][query] POST https://github.com/login/oauth/access_token [none]
[debug] [2022-12-05T22:59:38.615Z] >>> [apiv2][body] POST https://github.com/login/oauth/access_token [stream]
[debug] [2022-12-05T22:59:39.643Z] <<< [apiv2][status] POST https://github.com/login/oauth/access_token 200
[debug] [2022-12-05T22:59:39.644Z] <<< [apiv2][body] POST https://github.com/login/oauth/access_token {"access_token":"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","token_type":"bearer","scope":"read:user,repo"}
[debug] [2022-12-05T22:59:39.674Z] >>> [apiv2][query] GET https://api.github.com/user [none]
[debug] [2022-12-05T22:59:40.879Z] <<< [apiv2][status] GET https://api.github.com/user 200
[debug] [2022-12-05T22:59:40.881Z] <<< [apiv2][body] GET https://api.github.com/user {"login":"AMstyles","id":88719882,"node_id":"MDQ6VXNlcjg4NzE5ODgy","avatar_url":"https://avatars.githubusercontent.com/u/88719882?v=4","gravatar_id":"","url":"https://api.github.com/users/AMstyles","html_url":"https://github.com/AMstyles","followers_url":"https://api.github.com/users/AMstyles/followers","following_url":"https://api.github.com/users/AMstyles/following{/other_user}","gists_url":"https://api.github.com/users/AMstyles/gists{/gist_id}","starred_url":"https://api.github.com/users/AMstyles/starred{/owner}{/repo}","subscriptions_url":"https://api.github.com/users/AMstyles/subscriptions","organizations_url":"https://api.github.com/users/AMstyles/orgs","repos_url":"https://api.github.com/users/AMstyles/repos","events_url":"https://api.github.com/users/AMstyles/events{/privacy}","received_events_url":"https://api.github.com/users/AMstyles/received_events","type":"User","site_admin":false,"name":"Arinaho Muleba","company":null,"blog":"","location":"Johannesburg, South Africa ","email":null,"hireable":null,"bio":null,"twitter_username":"amstylesrsa","public_repos":9,"public_gists":0,"followers":2,"following":3,"created_at":"2021-08-10T12:15:04Z","updated_at":"2022-12-04T18:36:16Z","private_gists":0,"total_private_repos":6,"owned_private_repos":5,"disk_usage":113536,"collaborators":2,"two_factor_authentication":false,"plan":{"name":"pro","space":976562499,"collaborators":0,"private_repos":9999}}
[info] 
[info] ✔  Success! Logged into GitHub as AMstyles 
[info] 
[debug] [2022-12-05T23:00:12.051Z] >>> [apiv2][query] GET https://api.github.com/repos/AMstyles/portfolio/actions/secrets/public-key type=owner
[debug] [2022-12-05T23:00:13.124Z] <<< [apiv2][status] GET https://api.github.com/repos/AMstyles/portfolio/actions/secrets/public-key 404
[debug] [2022-12-05T23:00:13.125Z] <<< [apiv2][body] GET https://api.github.com/repos/AMstyles/portfolio/actions/secrets/public-key {"message":"Not Found","documentation_url":"https://docs.github.com/rest/reference/actions#get-a-repository-public-key"}
[debug] [2022-12-05T23:00:15.823Z] >>> [apiv2][query] GET https://api.github.com/repos/AMstyles/portfolio/actions/secrets/public-key type=owner
[debug] [2022-12-05T23:00:16.858Z] <<< [apiv2][status] GET https://api.github.com/repos/AMstyles/portfolio/actions/secrets/public-key 404
[debug] [2022-12-05T23:00:16.859Z] <<< [apiv2][body] GET https://api.github.com/repos/AMstyles/portfolio/actions/secrets/public-key {"message":"Not Found","documentation_url":"https://docs.github.com/rest/reference/actions#get-a-repository-public-key"}
